Added Component: Designator=  C1(CAPCP2012X09N)
Add component. Clean all parameters for all variants
Add component (AddParameter): Name = "Capacitance"; Value = "100nF"; VariantName = "[No Variations]"
Add component (AddParameter): Name = "Creator"; Value = "Ritesh Kanjee"; VariantName = "[No Variations]"
Add component (AddParameter): Name = "Datasheet URL"; Value = "http://za.rs-online.com/web/p/ceramic-multilayer-capacitors/4646688/"; VariantName = "[No Variations]"
Add component (AddParameter): Name = "Date Created"; Value = "18 February 2015"; VariantName = "[No Variations]"
Add component (AddParameter): Name = "Manufacturer"; Value = "AVX"; VariantName = "[No Variations]"
Add component (AddParameter): Name = "Package"; Value = "0805"; VariantName = "[No Variations]"
Add component (AddParameter): Name = "RS Stock No."; Value = "464-6688"; VariantName = "[No Variations]"
Add component (AddParameter): Name = "Voltage"; Value = "50V"; VariantName = "[No Variations]"
Added Component: Designator=C1(CAPCP2012X09N)
Add component. Clean all parameters for all variants
Add component (AddParameter): Name = "Capacitance"; Value = "18pF"; VariantName = "[No Variations]"
Add component (AddParameter): Name = "Creator"; Value = "Ritesh Kanjee"; VariantName = "[No Variations]"
Add component (AddParameter): Name = "Datasheet URL"; Value = "http://za.rs-online.com/web/p/ceramic-multilayer-capacitors/6480935/?searchTerm=C0805C180J5GACTU&relevancy-data=636F3D3226696E3D4931384E4B6E6F776E41734D504E266C753D656E266D6D3D6D61746368616C6C7061727469616C26706D3D5E5B5C707B4C7D5C707B4E647D2D2C2F255C2E5D2B2426706F3D313326736E3D592673743D4D414E5F504152545F4E554D4245522677633D424F5448267573743D4330383035433138304A35474143545526"; VariantName = "[No Variations]"
Add component (AddParameter): Name = "Date Created"; Value = "18 February 2015"; VariantName = "[No Variations]"
Add component (AddParameter): Name = "Manufacturer"; Value = "Kemet"; VariantName = "[No Variations]"
Add component (AddParameter): Name = "Package"; Value = "0805"; VariantName = "[No Variations]"
Add component (AddParameter): Name = "RS Stock No."; Value = "648-0935"; VariantName = "[No Variations]"
Add component (AddParameter): Name = "Voltage"; Value = "50V"; VariantName = "[No Variations]"
Added Component: Designator=C2(CASE A - 3216X18)
Add component. Clean all parameters for all variants
Add component (AddParameter): Name = "ComponentLink1Description"; Value = "Supplier Website"; VariantName = "[No Variations]"
Add component (AddParameter): Name = "ComponentLink1URL"; Value = "http://za.rs-online.com/web/search/searchBrowseAction.html?method=getProduct&R=4963545"; VariantName = "[No Variations]"
Add component (AddParameter): Name = "ComponentLink2Description"; Value = "RS Data sheet"; VariantName = "[No Variations]"
Add component (AddParameter): Name = "ComponentLink2URL"; Value = "http://docs-europe.origin.electrocomponents.com/webdocs/04ed/0900766b804ed4cc.pdf"; VariantName = "[No Variations]"
Add component (AddParameter): Name = "LatestRevisionDate"; Value = "28-April-2010"; VariantName = "[No Variations]"
Add component (AddParameter): Name = "Package"; Value = "3216-18"; VariantName = "[No Variations]"
Add component (AddParameter): Name = "Part Originator"; Value = "H Theron"; VariantName = "[No Variations]"
Add component (AddParameter): Name = "Publisher"; Value = "DPSS"; VariantName = "[No Variations]"
Add component (AddParameter): Name = "RS Stock Nr."; Value = "496-3545"; VariantName = "[No Variations]"
Add component (AddParameter): Name = "Tolerance"; Value = "10%"; VariantName = "[No Variations]"
Add component (AddParameter): Name = "Value"; Value = "4.7µF"; VariantName = "[No Variations]"
Add component (AddParameter): Name = "Voltage"; Value = "16V"; VariantName = "[No Variations]"
Added Component: Designator=C3(CASE A - 3216X18)
Add component. Clean all parameters for all variants
Add component (AddParameter): Name = "ComponentLink1Description"; Value = "Supplier Website"; VariantName = "[No Variations]"
Add component (AddParameter): Name = "ComponentLink1URL"; Value = "http://za.rs-online.com/web/search/searchBrowseAction.html?method=getProduct&R=4963545"; VariantName = "[No Variations]"
Add component (AddParameter): Name = "ComponentLink2Description"; Value = "RS Data sheet"; VariantName = "[No Variations]"
Add component (AddParameter): Name = "ComponentLink2URL"; Value = "http://docs-europe.origin.electrocomponents.com/webdocs/04ed/0900766b804ed4cc.pdf"; VariantName = "[No Variations]"
Add component (AddParameter): Name = "LatestRevisionDate"; Value = "28-April-2010"; VariantName = "[No Variations]"
Add component (AddParameter): Name = "Package"; Value = "3216-18"; VariantName = "[No Variations]"
Add component (AddParameter): Name = "Part Originator"; Value = "H Theron"; VariantName = "[No Variations]"
Add component (AddParameter): Name = "Publisher"; Value = "DPSS"; VariantName = "[No Variations]"
Add component (AddParameter): Name = "RS Stock Nr."; Value = "496-3545"; VariantName = "[No Variations]"
Add component (AddParameter): Name = "Tolerance"; Value = "10%"; VariantName = "[No Variations]"
Add component (AddParameter): Name = "Value"; Value = "4.7µF"; VariantName = "[No Variations]"
Add component (AddParameter): Name = "Voltage"; Value = "16V"; VariantName = "[No Variations]"
Added Component: Designator=C4(CAPCP2012X09N)
Add component. Clean all parameters for all variants
Add component (AddParameter): Name = "Capacitance"; Value = "100nF"; VariantName = "[No Variations]"
Add component (AddParameter): Name = "Creator"; Value = "Ritesh Kanjee"; VariantName = "[No Variations]"
Add component (AddParameter): Name = "Datasheet URL"; Value = "http://za.rs-online.com/web/p/ceramic-multilayer-capacitors/4646688/"; VariantName = "[No Variations]"
Add component (AddParameter): Name = "Date Created"; Value = "18 February 2015"; VariantName = "[No Variations]"
Add component (AddParameter): Name = "Manufacturer"; Value = "AVX"; VariantName = "[No Variations]"
Add component (AddParameter): Name = "Package"; Value = "0805"; VariantName = "[No Variations]"
Add component (AddParameter): Name = "RS Stock No."; Value = "464-6688"; VariantName = "[No Variations]"
Add component (AddParameter): Name = "Voltage"; Value = "50V"; VariantName = "[No Variations]"
Added Component: Designator=C5(CAPCP2012X09N)
Add component. Clean all parameters for all variants
Add component (AddParameter): Name = "Capacitance"; Value = "18pF"; VariantName = "[No Variations]"
Add component (AddParameter): Name = "Creator"; Value = "Ritesh Kanjee"; VariantName = "[No Variations]"
Add component (AddParameter): Name = "Datasheet URL"; Value = "http://za.rs-online.com/web/p/ceramic-multilayer-capacitors/6480935/?searchTerm=C0805C180J5GACTU&relevancy-data=636F3D3226696E3D4931384E4B6E6F776E41734D504E266C753D656E266D6D3D6D61746368616C6C7061727469616C26706D3D5E5B5C707B4C7D5C707B4E647D2D2C2F255C2E5D2B2426706F3D313326736E3D592673743D4D414E5F504152545F4E554D4245522677633D424F5448267573743D4330383035433138304A35474143545526"; VariantName = "[No Variations]"
Add component (AddParameter): Name = "Date Created"; Value = "18 February 2015"; VariantName = "[No Variations]"
Add component (AddParameter): Name = "Manufacturer"; Value = "Kemet"; VariantName = "[No Variations]"
Add component (AddParameter): Name = "Package"; Value = "0805"; VariantName = "[No Variations]"
Add component (AddParameter): Name = "RS Stock No."; Value = "648-0935"; VariantName = "[No Variations]"
Add component (AddParameter): Name = "Voltage"; Value = "50V"; VariantName = "[No Variations]"
Added Component: Designator=C6(CAPCP2012X09N)
Add component. Clean all parameters for all variants
Add component (AddParameter): Name = "Capacitance"; Value = "100nF"; VariantName = "[No Variations]"
Add component (AddParameter): Name = "Creator"; Value = "Ritesh Kanjee"; VariantName = "[No Variations]"
Add component (AddParameter): Name = "Datasheet URL"; Value = "http://za.rs-online.com/web/p/ceramic-multilayer-capacitors/4646688/"; VariantName = "[No Variations]"
Add component (AddParameter): Name = "Date Created"; Value = "18 February 2015"; VariantName = "[No Variations]"
Add component (AddParameter): Name = "Manufacturer"; Value = "AVX"; VariantName = "[No Variations]"
Add component (AddParameter): Name = "Package"; Value = "0805"; VariantName = "[No Variations]"
Add component (AddParameter): Name = "RS Stock No."; Value = "464-6688"; VariantName = "[No Variations]"
Add component (AddParameter): Name = "Voltage"; Value = "50V"; VariantName = "[No Variations]"
Added Component: Designator=C7(CAPCP2012X09N)
Add component. Clean all parameters for all variants
Add component (AddParameter): Name = "Capacitance"; Value = "100nF"; VariantName = "[No Variations]"
Add component (AddParameter): Name = "Creator"; Value = "Ritesh Kanjee"; VariantName = "[No Variations]"
Add component (AddParameter): Name = "Datasheet URL"; Value = "http://za.rs-online.com/web/p/ceramic-multilayer-capacitors/4646688/"; VariantName = "[No Variations]"
Add component (AddParameter): Name = "Date Created"; Value = "18 February 2015"; VariantName = "[No Variations]"
Add component (AddParameter): Name = "Manufacturer"; Value = "AVX"; VariantName = "[No Variations]"
Add component (AddParameter): Name = "Package"; Value = "0805"; VariantName = "[No Variations]"
Add component (AddParameter): Name = "RS Stock No."; Value = "464-6688"; VariantName = "[No Variations]"
Add component (AddParameter): Name = "Voltage"; Value = "50V"; VariantName = "[No Variations]"
Added Component: Designator=C8(CAPCP2012X09N)
Add component. Clean all parameters for all variants
Add component (AddParameter): Name = "Capacitance"; Value = "100nF"; VariantName = "[No Variations]"
Add component (AddParameter): Name = "Creator"; Value = "Ritesh Kanjee"; VariantName = "[No Variations]"
Add component (AddParameter): Name = "Datasheet URL"; Value = "http://za.rs-online.com/web/p/ceramic-multilayer-capacitors/4646688/"; VariantName = "[No Variations]"
Add component (AddParameter): Name = "Date Created"; Value = "18 February 2015"; VariantName = "[No Variations]"
Add component (AddParameter): Name = "Manufacturer"; Value = "AVX"; VariantName = "[No Variations]"
Add component (AddParameter): Name = "Package"; Value = "0805"; VariantName = "[No Variations]"
Add component (AddParameter): Name = "RS Stock No."; Value = "464-6688"; VariantName = "[No Variations]"
Add component (AddParameter): Name = "Voltage"; Value = "50V"; VariantName = "[No Variations]"
Added Component: Designator=D1(LED1913X12NBLUE)
Add component. Clean all parameters for all variants
Add component (AddParameter): Name = "Color"; Value = "Blue"; VariantName = "[No Variations]"
Add component (AddParameter): Name = "Creator"; Value = "Ritesh Kanjee"; VariantName = "[No Variations]"
Add component (AddParameter): Name = "Datasheet URL"; Value = "http://za.rs-online.com/web/p/visible-leds/4663784/"; VariantName = "[No Variations]"
Add component (AddParameter): Name = "Date Created"; Value = "18 February 2015"; VariantName = "[No Variations]"
Add component (AddParameter): Name = "Forward Voltage"; Value = "3.2V"; VariantName = "[No Variations]"
Add component (AddParameter): Name = "Manufacturer"; Value = "KingBright"; VariantName = "[No Variations]"
Add component (AddParameter): Name = "Manufacturer Part No."; Value = "KP-2012PBC-A"; VariantName = "[No Variations]"
Add component (AddParameter): Name = "RS Stock No."; Value = "466-3784"; VariantName = "[No Variations]"
Added Component: Designator=D2(DIOM1712X07N)
Add component. Clean all parameters for all variants
Add component (AddParameter): Name = "Created By"; Value = "R Kanjee"; VariantName = "[No Variations]"
Add component (AddParameter): Name = "Datasheet"; Value = "http://docs-europe.electrocomponents.com/webdocs/1398/0900766b813986b3.pdf"; VariantName = "[No Variations]"
Add component (AddParameter): Name = "Date Created"; Value = "1 March 2015"; VariantName = "[No Variations]"
Add component (AddParameter): Name = "Manufacturer"; Value = "Panasonic"; VariantName = "[No Variations]"
Add component (AddParameter): Name = "Manufacturer Part No."; Value = "DB2J20900L"; VariantName = "[No Variations]"
Add component (AddParameter): Name = "Maximum Continuous Forward Current"; Value = "0.5A"; VariantName = "[No Variations]"
Add component (AddParameter): Name = "Peak Reverse Repetitive Voltage"; Value = "20V"; VariantName = "[No Variations]"
Add component (AddParameter): Name = "RS Stock No."; Value = "713-2703"; VariantName = "[No Variations]"
Added Component: Designator=D3(LED1913X12NRED)
Add component. Clean all parameters for all variants
Add component (AddParameter): Name = "Color"; Value = "RED"; VariantName = "[No Variations]"
Add component (AddParameter): Name = "Creator"; Value = "Ritesh Kanjee"; VariantName = "[No Variations]"
Add component (AddParameter): Name = "Datasheet URL"; Value = "http://za.rs-online.com/web/p/visible-leds/4663813/"; VariantName = "[No Variations]"
Add component (AddParameter): Name = "Date Created"; Value = "18 February 2015"; VariantName = "[No Variations]"
Add component (AddParameter): Name = "Forward Voltage"; Value = "1.85V"; VariantName = "[No Variations]"
Add component (AddParameter): Name = "Manufacturer"; Value = "KingBright"; VariantName = "[No Variations]"
Add component (AddParameter): Name = "Manufacturer Part No."; Value = "KP-2012SRC-PRV"; VariantName = "[No Variations]"
Add component (AddParameter): Name = "RS Stock No."; Value = "466-3813"; VariantName = "[No Variations]"
Added Component: Designator=D4(LED1913X12NGREEN)
Add component. Clean all parameters for all variants
Add component (AddParameter): Name = "Color"; Value = "Green"; VariantName = "[No Variations]"
Add component (AddParameter): Name = "Creator"; Value = "Ritesh Kanjee"; VariantName = "[No Variations]"
Add component (AddParameter): Name = "Datasheet URL"; Value = "http://za.rs-online.com/web/p/visible-leds/4663778/"; VariantName = "[No Variations]"
Add component (AddParameter): Name = "Date Created"; Value = "18 February 2015"; VariantName = "[No Variations]"
Add component (AddParameter): Name = "Forward Voltage"; Value = "2.1 V"; VariantName = "[No Variations]"
Add component (AddParameter): Name = "Manufacturer"; Value = "KingBright"; VariantName = "[No Variations]"
Add component (AddParameter): Name = "Manufacturer Part No."; Value = "KP-2012MGC"; VariantName = "[No Variations]"
Add component (AddParameter): Name = "RS Stock No."; Value = "466-3778"; VariantName = "[No Variations]"
Added Component: Designator=D5(LED1913X12NRED)
Add component. Clean all parameters for all variants
Add component (AddParameter): Name = "Color"; Value = "RED"; VariantName = "[No Variations]"
Add component (AddParameter): Name = "Creator"; Value = "Ritesh Kanjee"; VariantName = "[No Variations]"
Add component (AddParameter): Name = "Datasheet URL"; Value = "http://za.rs-online.com/web/p/visible-leds/4663813/"; VariantName = "[No Variations]"
Add component (AddParameter): Name = "Date Created"; Value = "18 February 2015"; VariantName = "[No Variations]"
Add component (AddParameter): Name = "Forward Voltage"; Value = "1.85V"; VariantName = "[No Variations]"
Add component (AddParameter): Name = "Manufacturer"; Value = "KingBright"; VariantName = "[No Variations]"
Add component (AddParameter): Name = "Manufacturer Part No."; Value = "KP-2012SRC-PRV"; VariantName = "[No Variations]"
Add component (AddParameter): Name = "RS Stock No."; Value = "466-3813"; VariantName = "[No Variations]"
Added Component: Designator=Micro controller1(TQFP80P900X900X120-32N)
Add component. Clean all parameters for all variants
Add component (AddParameter): Name = "Company"; Value = "Lumina Inova"; VariantName = "[No Variations]"
Add component (AddParameter): Name = "Created By"; Value = "Ritesh Kanjee"; VariantName = "[No Variations]"
Add component (AddParameter): Name = "Datasheet URL"; Value = "http://docs-europe.electrocomponents.com/webdocs/0db4/0900766b80db4deb.pdf"; VariantName = "[No Variations]"
Add component (AddParameter): Name = "Date Created"; Value = "14 February 2015"; VariantName = "[No Variations]"
Add component (AddParameter): Name = "RS Stock No."; Value = "696-3092"; VariantName = "[No Variations]"
Added Component: Designator=R1(AXIAL-0.3)
Add component. Clean all parameters for all variants
Add component (AddParameter): Name = "LatestRevisionDate"; Value = "17-Jul-2002"; VariantName = "[No Variations]"
Add component (AddParameter): Name = "LatestRevisionNote"; Value = "Re-released for DXP Platform."; VariantName = "[No Variations]"
Add component (AddParameter): Name = "PackageDescription"; Value = "Axial Device, Thru-Hole; 2 Leads; 0.3 in Pin Spacing"; VariantName = "[No Variations]"
Add component (AddParameter): Name = "PackageReference"; Value = "AXIAL-0.3"; VariantName = "[No Variations]"
Add component (AddParameter): Name = "Published"; Value = "8-Jun-2000"; VariantName = "[No Variations]"
Add component (AddParameter): Name = "Publisher"; Value = "Altium Limited"; VariantName = "[No Variations]"
Add component (AddParameter): Name = "Value"; Value = "330"; VariantName = "[No Variations]"
Added Component: Designator=R2(AXIAL-0.3)
Add component. Clean all parameters for all variants
Add component (AddParameter): Name = "LatestRevisionDate"; Value = "17-Jul-2002"; VariantName = "[No Variations]"
Add component (AddParameter): Name = "LatestRevisionNote"; Value = "Re-released for DXP Platform."; VariantName = "[No Variations]"
Add component (AddParameter): Name = "PackageDescription"; Value = "Axial Device, Thru-Hole; 2 Leads; 0.3 in Pin Spacing"; VariantName = "[No Variations]"
Add component (AddParameter): Name = "PackageReference"; Value = "AXIAL-0.3"; VariantName = "[No Variations]"
Add component (AddParameter): Name = "Published"; Value = "8-Jun-2000"; VariantName = "[No Variations]"
Add component (AddParameter): Name = "Publisher"; Value = "Altium Limited"; VariantName = "[No Variations]"
Add component (AddParameter): Name = "Value"; Value = "1K"; VariantName = "[No Variations]"
Added Component: Designator=R3(AXIAL-0.3)
Add component. Clean all parameters for all variants
Add component (AddParameter): Name = "LatestRevisionDate"; Value = "17-Jul-2002"; VariantName = "[No Variations]"
Add component (AddParameter): Name = "LatestRevisionNote"; Value = "Re-released for DXP Platform."; VariantName = "[No Variations]"
Add component (AddParameter): Name = "PackageDescription"; Value = "Axial Device, Thru-Hole; 2 Leads; 0.3 in Pin Spacing"; VariantName = "[No Variations]"
Add component (AddParameter): Name = "PackageReference"; Value = "AXIAL-0.3"; VariantName = "[No Variations]"
Add component (AddParameter): Name = "Published"; Value = "8-Jun-2000"; VariantName = "[No Variations]"
Add component (AddParameter): Name = "Publisher"; Value = "Altium Limited"; VariantName = "[No Variations]"
Add component (AddParameter): Name = "Value"; Value = "1K"; VariantName = "[No Variations]"
Added Component: Designator=R4(AXIAL-0.3)
Add component. Clean all parameters for all variants
Add component (AddParameter): Name = "LatestRevisionDate"; Value = "17-Jul-2002"; VariantName = "[No Variations]"
Add component (AddParameter): Name = "LatestRevisionNote"; Value = "Re-released for DXP Platform."; VariantName = "[No Variations]"
Add component (AddParameter): Name = "PackageDescription"; Value = "Axial Device, Thru-Hole; 2 Leads; 0.3 in Pin Spacing"; VariantName = "[No Variations]"
Add component (AddParameter): Name = "PackageReference"; Value = "AXIAL-0.3"; VariantName = "[No Variations]"
Add component (AddParameter): Name = "Published"; Value = "8-Jun-2000"; VariantName = "[No Variations]"
Add component (AddParameter): Name = "Publisher"; Value = "Altium Limited"; VariantName = "[No Variations]"
Add component (AddParameter): Name = "Value"; Value = "1K"; VariantName = "[No Variations]"
Added Component: Designator=R5(AXIAL-0.3)
Add component. Clean all parameters for all variants
Add component (AddParameter): Name = "LatestRevisionDate"; Value = "17-Jul-2002"; VariantName = "[No Variations]"
Add component (AddParameter): Name = "LatestRevisionNote"; Value = "Re-released for DXP Platform."; VariantName = "[No Variations]"
Add component (AddParameter): Name = "PackageDescription"; Value = "Axial Device, Thru-Hole; 2 Leads; 0.3 in Pin Spacing"; VariantName = "[No Variations]"
Add component (AddParameter): Name = "PackageReference"; Value = "AXIAL-0.3"; VariantName = "[No Variations]"
Add component (AddParameter): Name = "Published"; Value = "8-Jun-2000"; VariantName = "[No Variations]"
Add component (AddParameter): Name = "Publisher"; Value = "Altium Limited"; VariantName = "[No Variations]"
Add component (AddParameter): Name = "Value"; Value = "330"; VariantName = "[No Variations]"
Added Component: Designator=R6(AXIAL-0.3)
Add component. Clean all parameters for all variants
Add component (AddParameter): Name = "LatestRevisionDate"; Value = "17-Jul-2002"; VariantName = "[No Variations]"
Add component (AddParameter): Name = "LatestRevisionNote"; Value = "Re-released for DXP Platform."; VariantName = "[No Variations]"
Add component (AddParameter): Name = "PackageDescription"; Value = "Axial Device, Thru-Hole; 2 Leads; 0.3 in Pin Spacing"; VariantName = "[No Variations]"
Add component (AddParameter): Name = "PackageReference"; Value = "AXIAL-0.3"; VariantName = "[No Variations]"
Add component (AddParameter): Name = "Published"; Value = "8-Jun-2000"; VariantName = "[No Variations]"
Add component (AddParameter): Name = "Publisher"; Value = "Altium Limited"; VariantName = "[No Variations]"
Add component (AddParameter): Name = "Value"; Value = "330"; VariantName = "[No Variations]"
Added Component: Designator=R7(AXIAL-0.3)
Add component. Clean all parameters for all variants
Add component (AddParameter): Name = "LatestRevisionDate"; Value = "17-Jul-2002"; VariantName = "[No Variations]"
Add component (AddParameter): Name = "LatestRevisionNote"; Value = "Re-released for DXP Platform."; VariantName = "[No Variations]"
Add component (AddParameter): Name = "PackageDescription"; Value = "Axial Device, Thru-Hole; 2 Leads; 0.3 in Pin Spacing"; VariantName = "[No Variations]"
Add component (AddParameter): Name = "PackageReference"; Value = "AXIAL-0.3"; VariantName = "[No Variations]"
Add component (AddParameter): Name = "Published"; Value = "8-Jun-2000"; VariantName = "[No Variations]"
Add component (AddParameter): Name = "Publisher"; Value = "Altium Limited"; VariantName = "[No Variations]"
Add component (AddParameter): Name = "Value"; Value = "330"; VariantName = "[No Variations]"
Added Component: Designator=REG1(SOT230P700X180-4N)
Add component. Clean all parameters for all variants
Add component (AddParameter): Name = "Created By"; Value = "R Kanjee"; VariantName = "[No Variations]"
Add component (AddParameter): Name = "Datasheet URL"; Value = "http://za.rs-online.com/web/p/low-dropout-voltage-regulators/5339583/"; VariantName = "[No Variations]"
Add component (AddParameter): Name = "Date Created"; Value = "26 February 2015"; VariantName = "[No Variations]"
Add component (AddParameter): Name = "Manufacturer"; Value = "Texas Instruments"; VariantName = "[No Variations]"
Add component (AddParameter): Name = "Maximum Input Voltage"; Value = "15V"; VariantName = "[No Variations]"
Add component (AddParameter): Name = "Output Voltage"; Value = "5V"; VariantName = "[No Variations]"
Add component (AddParameter): Name = "RS Stock No."; Value = "533-9583"; VariantName = "[No Variations]"
Add component (AddParameter): Name = "Supply Current"; Value = "1.5Amps"; VariantName = "[No Variations]"
Added Component: Designator=S1(ISP HEADER)
Add component. Clean all parameters for all variants
Add component (AddParameter): Name = "Created By"; Value = "R Kanjee"; VariantName = "[No Variations]"
Add component (AddParameter): Name = "Current Rating"; Value = "3Amps Continuous"; VariantName = "[No Variations]"
Add component (AddParameter): Name = "Date Created"; Value = "1 March 2015"; VariantName = "[No Variations]"
Add component (AddParameter): Name = "Manufacturer"; Value = "FCI"; VariantName = "[No Variations]"
Add component (AddParameter): Name = "Manufacturer Part No."; Value = "68000-236HLF"; VariantName = "[No Variations]"
Add component (AddParameter): Name = "RS Stock No."; Value = "2509565626"; VariantName = "[No Variations]"
Added Component: Designator=S3(Header)
Add component. Clean all parameters for all variants
Add component (AddParameter): Name = "Created By"; Value = "R Kanjee"; VariantName = "[No Variations]"
Add component (AddParameter): Name = "Current Rating"; Value = "3Amps Continuous"; VariantName = "[No Variations]"
Add component (AddParameter): Name = "Date Created"; Value = "1 March 2015"; VariantName = "[No Variations]"
Add component (AddParameter): Name = "Manufacturer"; Value = "FCI"; VariantName = "[No Variations]"
Add component (AddParameter): Name = "Manufacturer Part No."; Value = "68000-236HLF"; VariantName = "[No Variations]"
Add component (AddParameter): Name = "RS Stock No."; Value = "2509565626"; VariantName = "[No Variations]"
Added Component: Designator=S4(Header)
Add component. Clean all parameters for all variants
Add component (AddParameter): Name = "Created By"; Value = "R Kanjee"; VariantName = "[No Variations]"
Add component (AddParameter): Name = "Current Rating"; Value = "3Amps Continuous"; VariantName = "[No Variations]"
Add component (AddParameter): Name = "Date Created"; Value = "1 March 2015"; VariantName = "[No Variations]"
Add component (AddParameter): Name = "Manufacturer"; Value = "FCI"; VariantName = "[No Variations]"
Add component (AddParameter): Name = "Manufacturer Part No."; Value = "68000-236HLF"; VariantName = "[No Variations]"
Add component (AddParameter): Name = "RS Stock No."; Value = "2509565626"; VariantName = "[No Variations]"
Added Component: Designator=S5(MicroUSB)
Add component. Clean all parameters for all variants
Add component (AddParameter): Name = "Creator"; Value = "R Kanjee"; VariantName = "[No Variations]"
Add component (AddParameter): Name = "Datasheet URL"; Value = "http://za.rs-online.com/web/p/micro-usb-connectors/8486764/"; VariantName = "[No Variations]"
Add component (AddParameter): Name = "Date Created"; Value = "28 February 2015"; VariantName = "[No Variations]"
Add component (AddParameter): Name = "Manufacturer"; Value = "Molex"; VariantName = "[No Variations]"
Add component (AddParameter): Name = "Manufacturer Part No."; Value = "105017-0001"; VariantName = "[No Variations]"
Add component (AddParameter): Name = "Max Current"; Value = "1.8A"; VariantName = "[No Variations]"
Add component (AddParameter): Name = "Max Voltage"; Value = "30V"; VariantName = "[No Variations]"
Add component (AddParameter): Name = "RS Stock No"; Value = "848-6764"; VariantName = "[No Variations]"
Added Component: Designator=U1(SOP65P780X200-28N)
Add component. Clean all parameters for all variants
Add component (AddParameter): Name = "Creator"; Value = "R Kanjee"; VariantName = "[No Variations]"
Add component (AddParameter): Name = "Date Created"; Value = "03 March 2015"; VariantName = "[No Variations]"
Add component (AddParameter): Name = "Manufacturer"; Value = "FTDI Chip"; VariantName = "[No Variations]"
Add component (AddParameter): Name = "Manufacturer Part No."; Value = "FT232RL"; VariantName = "[No Variations]"
Add component (AddParameter): Name = "Pin Count"; Value = "28"; VariantName = "[No Variations]"
Add component (AddParameter): Name = "RS Stock No."; Value = "406-580"; VariantName = "[No Variations]"
Added Component: Designator=X1(Aker S5C Crystal)
Add component. Clean all parameters for all variants
Add component (AddParameter): Name = "Creator"; Value = "R Kanjee"; VariantName = "[No Variations]"
Add component (AddParameter): Name = "Frequency Stability"; Value = "+/-30ppm"; VariantName = "[No Variations]"
Add component (AddParameter): Name = "HelpURL"; Value = "http://za.rs-online.com/web/p/crystal-units/6719488/"; VariantName = "[No Variations]"
Add component (AddParameter): Name = "Load Capacitance"; Value = "12pF"; VariantName = "[No Variations]"
Add component (AddParameter): Name = "Manufacturer"; Value = "Aker"; VariantName = "[No Variations]"
Add component (AddParameter): Name = "Manufacturer Part #"; Value = "C5S-16.000-12-3030-X"; VariantName = "[No Variations]"
Add component (AddParameter): Name = "Package"; Value = "3.2x5mm SMD"; VariantName = "[No Variations]"
Add component (AddParameter): Name = "RS"; Value = "RS 671-9488"; VariantName = "[No Variations]"
Add component (AddParameter): Name = "RS Stock Nr."; Value = "671-9488"; VariantName = "[No Variations]"
Add component (AddParameter): Name = "Supplier"; Value = "RS"; VariantName = "[No Variations]"
Add component (AddParameter): Name = "Value"; Value = "16MHz"; VariantName = "[No Variations]"
Added Pin To Net: NetName=+5 Pin=C3-1
Added Pin To Net: NetName=+5 Pin=C6-1
Added Pin To Net: NetName=+5 Pin=D2-1
Added Pin To Net: NetName=+5 Pin=D3-1
Added Pin To Net: NetName=+5 Pin=D4-1
Added Pin To Net: NetName=+5 Pin=Micro controller1-4
Added Pin To Net: NetName=+5 Pin=Micro controller1-6
Added Pin To Net: NetName=+5 Pin=Micro controller1-18
Added Pin To Net: NetName=+5 Pin=R1-1
Added Pin To Net: NetName=+5 Pin=R3-2
Added Pin To Net: NetName=+5 Pin=REG1-1
Added Pin To Net: NetName=+5 Pin=REG1-2
Added Pin To Net: NetName=+5 Pin=S1-2
Added Pin To Net: NetName=+5 Pin=S4-1
Added Pin To Net: NetName=+5 Pin=S4-4
Added Pin To Net: NetName=+5 Pin=U1-4
Added Pin To Net: NetName=+5 Pin=U1-20
Added Net: Name=+5
Added Pin To Net: NetName=3.3V Pin=  C1-1
Added Pin To Net: NetName=3.3V Pin=S4-14
Added Pin To Net: NetName=3.3V Pin=U1-17
Added Net: Name=3.3V
Added Pin To Net: NetName=A0 Pin=Micro controller1-23
Added Pin To Net: NetName=A0 Pin=S4-12
Added Net: Name=A0
Added Pin To Net: NetName=A1 Pin=Micro controller1-24
Added Pin To Net: NetName=A1 Pin=S4-11
Added Net: Name=A1
Added Pin To Net: NetName=A2 Pin=Micro controller1-25
Added Pin To Net: NetName=A2 Pin=S4-10
Added Net: Name=A2
Added Pin To Net: NetName=A3 Pin=Micro controller1-26
Added Pin To Net: NetName=A3 Pin=S4-9
Added Net: Name=A3
Added Pin To Net: NetName=A4 / SDA Pin=Micro controller1-27
Added Pin To Net: NetName=A4 / SDA Pin=S4-8
Added Net: Name=A4 / SDA
Added Pin To Net: NetName=A5 / SCL Pin=Micro controller1-28
Added Pin To Net: NetName=A5 / SCL Pin=S4-7
Added Net: Name=A5 / SCL
Added Pin To Net: NetName=A6 Pin=Micro controller1-19
Added Pin To Net: NetName=A6 Pin=S4-6
Added Net: Name=A6
Added Pin To Net: NetName=A7 Pin=Micro controller1-22
Added Pin To Net: NetName=A7 Pin=S4-5
Added Net: Name=A7
Added Pin To Net: NetName=AREF Pin=C8-1
Added Pin To Net: NetName=AREF Pin=Micro controller1-20
Added Pin To Net: NetName=AREF Pin=S4-13
Added Net: Name=AREF
Added Pin To Net: NetName=D0/RX Pin=Micro controller1-30
Added Pin To Net: NetName=D0/RX Pin=R2-1
Added Pin To Net: NetName=D0/RX Pin=S3-2
Added Net: Name=D0/RX
Added Pin To Net: NetName=D1/TX Pin=Micro controller1-31
Added Pin To Net: NetName=D1/TX Pin=R4-1
Added Pin To Net: NetName=D1/TX Pin=S3-1
Added Net: Name=D1/TX
Added Pin To Net: NetName=D2 Pin=Micro controller1-32
Added Pin To Net: NetName=D2 Pin=S3-5
Added Net: Name=D2
Added Pin To Net: NetName=D3 PWM Pin=Micro controller1-1
Added Pin To Net: NetName=D3 PWM Pin=S3-6
Added Net: Name=D3 PWM
Added Pin To Net: NetName=D4 Pin=Micro controller1-2
Added Pin To Net: NetName=D4 Pin=S3-7
Added Net: Name=D4
Added Pin To Net: NetName=D5PWM Pin=Micro controller1-9
Added Pin To Net: NetName=D5PWM Pin=S3-8
Added Net: Name=D5PWM
Added Pin To Net: NetName=D6PWM Pin=Micro controller1-10
Added Pin To Net: NetName=D6PWM Pin=S3-9
Added Net: Name=D6PWM
Added Pin To Net: NetName=D7 Pin=Micro controller1-11
Added Pin To Net: NetName=D7 Pin=S3-10
Added Net: Name=D7
Added Pin To Net: NetName=D8 Pin=Micro controller1-12
Added Pin To Net: NetName=D8 Pin=S3-11
Added Net: Name=D8
Added Pin To Net: NetName=D9PWM Pin=Micro controller1-13
Added Pin To Net: NetName=D9PWM Pin=S3-12
Added Net: Name=D9PWM
Added Pin To Net: NetName=D10 Pin=Micro controller1-14
Added Pin To Net: NetName=D10 Pin=S3-13
Added Net: Name=D10
Added Pin To Net: NetName=D11/PWMMOSI Pin=Micro controller1-15
Added Pin To Net: NetName=D11/PWMMOSI Pin=S1-4
Added Pin To Net: NetName=D11/PWMMOSI Pin=S3-14
Added Net: Name=D11/PWMMOSI
Added Pin To Net: NetName=D12/MISO Pin=Micro controller1-16
Added Pin To Net: NetName=D12/MISO Pin=S1-1
Added Pin To Net: NetName=D12/MISO Pin=S3-15
Added Net: Name=D12/MISO
Added Pin To Net: NetName=D13 / SCK Pin=Micro controller1-17
Added Pin To Net: NetName=D13 / SCK Pin=R7-1
Added Pin To Net: NetName=D13 / SCK Pin=S1-3
Added Pin To Net: NetName=D13 / SCK Pin=S4-15
Added Net: Name=D13 / SCK
Added Pin To Net: NetName=GND Pin=  C1-2
Added Pin To Net: NetName=GND Pin=C1-2
Added Pin To Net: NetName=GND Pin=C2-2
Added Pin To Net: NetName=GND Pin=C3-2
Added Pin To Net: NetName=GND Pin=C4-1
Added Pin To Net: NetName=GND Pin=C5-1
Added Pin To Net: NetName=GND Pin=C6-2
Added Pin To Net: NetName=GND Pin=C8-2
Added Pin To Net: NetName=GND Pin=D1-2
Added Pin To Net: NetName=GND Pin=D5-2
Added Pin To Net: NetName=GND Pin=Micro controller1-3
Added Pin To Net: NetName=GND Pin=Micro controller1-5
Added Pin To Net: NetName=GND Pin=Micro controller1-21
Added Pin To Net: NetName=GND Pin=REG1-3
Added Pin To Net: NetName=GND Pin=S1-6
Added Pin To Net: NetName=GND Pin=S3-4
Added Pin To Net: NetName=GND Pin=S4-2
Added Pin To Net: NetName=GND Pin=S5-5
Added Pin To Net: NetName=GND Pin=U1-7
Added Pin To Net: NetName=GND Pin=U1-18
Added Pin To Net: NetName=GND Pin=U1-21
Added Pin To Net: NetName=GND Pin=U1-25
Added Net: Name=GND
Added Pin To Net: NetName=NetC1_1 Pin=C1-1
Added Pin To Net: NetName=NetC1_1 Pin=X1-3
Added Net: Name=NetC1_1
Added Pin To Net: NetName=NetC5_2 Pin=C5-2
Added Pin To Net: NetName=NetC5_2 Pin=X1-2
Added Net: Name=NetC5_2
Added Pin To Net: NetName=NetC7_2 Pin=C7-2
Added Pin To Net: NetName=NetC7_2 Pin=U1-2
Added Net: Name=NetC7_2
Added Pin To Net: NetName=NetD1_1 Pin=D1-1
Added Pin To Net: NetName=NetD1_1 Pin=R1-2
Added Net: Name=NetD1_1
Added Pin To Net: NetName=NetD3_2 Pin=D3-2
Added Pin To Net: NetName=NetD3_2 Pin=R5-2
Added Net: Name=NetD3_2
Added Pin To Net: NetName=NetD4_2 Pin=D4-2
Added Pin To Net: NetName=NetD4_2 Pin=R6-2
Added Net: Name=NetD4_2
Added Pin To Net: NetName=NetD5_1 Pin=D5-1
Added Pin To Net: NetName=NetD5_1 Pin=R7-2
Added Net: Name=NetD5_1
Added Pin To Net: NetName=NetR5_1 Pin=R5-1
Added Pin To Net: NetName=NetR5_1 Pin=U1-23
Added Net: Name=NetR5_1
Added Pin To Net: NetName=NetR6_1 Pin=R6-1
Added Pin To Net: NetName=NetR6_1 Pin=U1-22
Added Net: Name=NetR6_1
Added Pin To Net: NetName=NetS5_2 Pin=S5-2
Added Pin To Net: NetName=NetS5_2 Pin=U1-16
Added Net: Name=NetS5_2
Added Pin To Net: NetName=NetS5_3 Pin=S5-3
Added Pin To Net: NetName=NetS5_3 Pin=U1-15
Added Net: Name=NetS5_3
Added Pin To Net: NetName=RESET Pin=C7-1
Added Pin To Net: NetName=RESET Pin=Micro controller1-29
Added Pin To Net: NetName=RESET Pin=R3-1
Added Pin To Net: NetName=RESET Pin=S1-5
Added Pin To Net: NetName=RESET Pin=S3-3
Added Pin To Net: NetName=RESET Pin=S4-3
Added Net: Name=RESET
Added Pin To Net: NetName=Rx Pin=R2-2
Added Pin To Net: NetName=Rx Pin=U1-1
Added Net: Name=Rx
Added Pin To Net: NetName=Tx Pin=R4-2
Added Pin To Net: NetName=Tx Pin=U1-5
Added Net: Name=Tx
Added Pin To Net: NetName=V-USB Pin=C2-1
Added Pin To Net: NetName=V-USB Pin=C4-2
Added Pin To Net: NetName=V-USB Pin=D2-2
Added Pin To Net: NetName=V-USB Pin=S5-1
Added Net: Name=V-USB
Added Pin To Net: NetName=XTAL1 Pin=Micro controller1-7
Added Pin To Net: NetName=XTAL1 Pin=X1-1
Added Net: Name=XTAL1
Added Pin To Net: NetName=XTAL2 Pin=Micro controller1-8
Added Pin To Net: NetName=XTAL2 Pin=X1-4
Added Net: Name=XTAL2
Added Class: Name=Sheet1
Added Room: Name=Sheet1
